@!@!@STARTMSG 2262:0 @!@!@
TLC2 Version 2.18 of Day Month 20?? (rev: b9ab320)
@!@!@ENDMSG 2262 @!@!@
@!@!@STARTMSG 2187:0 @!@!@
Running breadth-first search Model-Checking with fp 104 and seed 4695538487695919151 with 4 workers on 8 cores with 1214MB heap and 2730MB offheap memory [pid: 69704] (Mac OS X 10.16 x86_64, AdoptOpenJDK 14.0.1 x86_64, OffHeapDiskFPSet, DiskStateQueue).
@!@!@ENDMSG 2187 @!@!@
@!@!@STARTMSG 2220:0 @!@!@
Starting SANY...
@!@!@ENDMSG 2220 @!@!@
Parsing file /Users/rchavesferna/git_tree/tla+/learning.toolbox/ReportingProcessor/MC.tla
Parsing file /Users/rchavesferna/git_tree/tla+/learning.toolbox/ReportingProcessor/learning.tla
Parsing file /Applications/TLA+ Toolbox.app/Contents/Eclipse/plugins/org.lamport.tlatools_1.0.0.202202030211/tla2sany/StandardModules/TLC.tla
Parsing file /Users/rchavesferna/git_tree/tla+/learning.toolbox/ReportingProcessor/ReportProcessorCommittingAtTheEnd.tla
Parsing file /Applications/TLA+ Toolbox.app/Contents/Eclipse/plugins/org.lamport.tlatools_1.0.0.202202030211/tla2sany/StandardModules/Integers.tla
Parsing file /Applications/TLA+ Toolbox.app/Contents/Eclipse/plugins/org.lamport.tlatools_1.0.0.202202030211/tla2sany/StandardModules/Sequences.tla
Parsing file /Users/rchavesferna/git_tree/tla+/learning.toolbox/ReportingProcessor/Helpers.tla
Parsing file /Applications/TLA+ Toolbox.app/Contents/Eclipse/plugins/org.lamport.tlatools_1.0.0.202202030211/tla2sany/StandardModules/Naturals.tla
Parsing file /Applications/TLA+ Toolbox.app/Contents/Eclipse/plugins/org.lamport.tlatools_1.0.0.202202030211/tla2sany/StandardModules/FiniteSets.tla
Semantic processing of module Naturals
Semantic processing of module Integers
Semantic processing of module Sequences
Semantic processing of module FiniteSets
Semantic processing of module TLC
Semantic processing of module Helpers
Semantic processing of module ReportProcessorCommittingAtTheEnd
Semantic processing of module learning
Semantic processing of module MC
@!@!@STARTMSG 2219:0 @!@!@
SANY finished.
@!@!@ENDMSG 2219 @!@!@
@!@!@STARTMSG 2185:0 @!@!@
Starting... (2022-02-09 12:23:24)
@!@!@ENDMSG 2185 @!@!@
@!@!@STARTMSG 2189:0 @!@!@
Computing initial states...
@!@!@ENDMSG 2189 @!@!@
@!@!@STARTMSG 2190:0 @!@!@
Finished computing initial states: 1 distinct state generated at 2022-02-09 12:23:25.
@!@!@ENDMSG 2190 @!@!@
@!@!@STARTMSG 2193:0 @!@!@
Model checking completed. No error has been found.
  Estimates of the probability that TLC did not check all reachable states
  because two distinct states had the same fingerprint:
  calculated (optimistic):  val = 1.2E-14
@!@!@ENDMSG 2193 @!@!@
@!@!@STARTMSG 2201:0 @!@!@
The coverage statistics at 2022-02-09 12:23:26
@!@!@ENDMSG 2201 @!@!@
@!@!@STARTMSG 2773:0 @!@!@
<Init line 12, col 1 to line 12, col 4 of module ReportProcessorCommittingAtTheEnd>: 1:1
@!@!@ENDMSG 2773 @!@!@
@!@!@STARTMSG 2221:0 @!@!@
  line 12, col 9 to line 16, col 39 of module ReportProcessorCommittingAtTheEnd: 1
@!@!@ENDMSG 2221 @!@!@
@!@!@STARTMSG 2772:0 @!@!@
<ConsumePayReportSucc line 26, col 1 to line 26, col 20 of module ReportProcessorCommittingAtTheEnd>: 4:8
@!@!@ENDMSG 2772 @!@!@
@!@!@STARTMSG 2221:0 @!@!@
  line 26, col 25 to line 26, col 46 of module ReportProcessorCommittingAtTheEnd: 369
@!@!@ENDMSG 2221 @!@!@
@!@!@STARTMSG 2221:0 @!@!@
  |line 26, col 25 to line 26, col 38 of module ReportProcessorCommittingAtTheEnd: 361
@!@!@ENDMSG 2221 @!@!@
@!@!@STARTMSG 2221:0 @!@!@
  |line 26, col 43 to line 26, col 46 of module ReportProcessorCommittingAtTheEnd: 361
@!@!@ENDMSG 2221 @!@!@
@!@!@STARTMSG 2221:0 @!@!@
  line 27, col 25 to line 27, col 39 of module ReportProcessorCommittingAtTheEnd: 302
@!@!@ENDMSG 2221 @!@!@
@!@!@STARTMSG 2221:0 @!@!@
  |line 27, col 25 to line 27, col 32 of module ReportProcessorCommittingAtTheEnd: 294
@!@!@ENDMSG 2221 @!@!@
@!@!@STARTMSG 2221:0 @!@!@
  |line 27, col 36 to line 27, col 39 of module ReportProcessorCommittingAtTheEnd: 294
@!@!@ENDMSG 2221 @!@!@
@!@!@STARTMSG 2221:0 @!@!@
  line 28, col 25 to line 28, col 55 of module ReportProcessorCommittingAtTheEnd: 24
@!@!@ENDMSG 2221 @!@!@
@!@!@STARTMSG 2221:0 @!@!@
  |line 28, col 25 to line 28, col 30 of module ReportProcessorCommittingAtTheEnd: 16
@!@!@ENDMSG 2221 @!@!@
@!@!@STARTMSG 2221:0 @!@!@
  line 29, col 25 to line 29, col 58 of module ReportProcessorCommittingAtTheEnd: 8
@!@!@ENDMSG 2221 @!@!@
@!@!@STARTMSG 2221:0 @!@!@
  line 30, col 25 to line 30, col 70 of module ReportProcessorCommittingAtTheEnd: 8
@!@!@ENDMSG 2221 @!@!@
@!@!@STARTMSG 2221:0 @!@!@
  |line 30, col 38 to line 30, col 70 of module ReportProcessorCommittingAtTheEnd: 8
@!@!@ENDMSG 2221 @!@!@
@!@!@STARTMSG 2221:0 @!@!@
  ||line 19, col 22 to line 21, col 35 of module ReportProcessorCommittingAtTheEnd: 8
@!@!@ENDMSG 2221 @!@!@
@!@!@STARTMSG 2221:0 @!@!@
  |||line 19, col 25 to line 19, col 55 of module ReportProcessorCommittingAtTheEnd: 8
@!@!@ENDMSG 2221 @!@!@
@!@!@STARTMSG 2221:0 @!@!@
  |||line 20, col 27 to line 20, col 49 of module ReportProcessorCommittingAtTheEnd: 4
@!@!@ENDMSG 2221 @!@!@
@!@!@STARTMSG 2221:0 @!@!@
  |||line 21, col 27 to line 21, col 35 of module ReportProcessorCommittingAtTheEnd: 4
@!@!@ENDMSG 2221 @!@!@
@!@!@STARTMSG 2221:0 @!@!@
  ||line 30, col 50 to line 30, col 69 of module ReportProcessorCommittingAtTheEnd: 8
@!@!@ENDMSG 2221 @!@!@
@!@!@STARTMSG 2221:0 @!@!@
  line 31, col 25 to line 31, col 74 of module ReportProcessorCommittingAtTheEnd: 8
@!@!@ENDMSG 2221 @!@!@
@!@!@STARTMSG 2772:0 @!@!@
<ConsumePayReportError line 34, col 1 to line 34, col 21 of module ReportProcessorCommittingAtTheEnd>: 31:34
@!@!@ENDMSG 2772 @!@!@
@!@!@STARTMSG 2221:0 @!@!@
  line 34, col 26 to line 34, col 47 of module ReportProcessorCommittingAtTheEnd: 395
@!@!@ENDMSG 2221 @!@!@
@!@!@STARTMSG 2221:0 @!@!@
  |line 34, col 26 to line 34, col 39 of module ReportProcessorCommittingAtTheEnd: 361
@!@!@ENDMSG 2221 @!@!@
@!@!@STARTMSG 2221:0 @!@!@
  |line 34, col 44 to line 34, col 47 of module ReportProcessorCommittingAtTheEnd: 361
@!@!@ENDMSG 2221 @!@!@
@!@!@STARTMSG 2221:0 @!@!@
  line 35, col 26 to line 35, col 71 of module ReportProcessorCommittingAtTheEnd: 328
@!@!@ENDMSG 2221 @!@!@
@!@!@STARTMSG 2221:0 @!@!@
  |line 35, col 26 to line 35, col 45 of module ReportProcessorCommittingAtTheEnd: 294
@!@!@ENDMSG 2221 @!@!@
@!@!@STARTMSG 2221:0 @!@!@
  |line 35, col 54 to line 35, col 71 of module ReportProcessorCommittingAtTheEnd: 294
@!@!@ENDMSG 2221 @!@!@
@!@!@STARTMSG 2221:0 @!@!@
  line 36, col 26 to line 36, col 56 of module ReportProcessorCommittingAtTheEnd: 76
@!@!@ENDMSG 2221 @!@!@
@!@!@STARTMSG 2221:0 @!@!@
  |line 36, col 26 to line 36, col 31 of module ReportProcessorCommittingAtTheEnd: 42
@!@!@ENDMSG 2221 @!@!@
@!@!@STARTMSG 2221:0 @!@!@
  line 37, col 26 to line 37, col 53 of module ReportProcessorCommittingAtTheEnd: 34
@!@!@ENDMSG 2221 @!@!@
@!@!@STARTMSG 2221:0 @!@!@
  line 38, col 26 to line 38, col 75 of module ReportProcessorCommittingAtTheEnd: 34
@!@!@ENDMSG 2221 @!@!@
@!@!@STARTMSG 2221:0 @!@!@
  line 39, col 26 to line 39, col 76 of module ReportProcessorCommittingAtTheEnd: 34
@!@!@ENDMSG 2221 @!@!@
@!@!@STARTMSG 2772:0 @!@!@
<PutInRetryQueue line 43, col 1 to line 43, col 15 of module ReportProcessorCommittingAtTheEnd>: 34:34
@!@!@ENDMSG 2772 @!@!@
@!@!@STARTMSG 2221:0 @!@!@
  line 43, col 20 to line 43, col 46 of module ReportProcessorCommittingAtTheEnd: 395
@!@!@ENDMSG 2221 @!@!@
@!@!@STARTMSG 2221:0 @!@!@
  |line 43, col 20 to line 43, col 25 of module ReportProcessorCommittingAtTheEnd: 361
@!@!@ENDMSG 2221 @!@!@
@!@!@STARTMSG 2221:0 @!@!@
  line 44, col 20 to line 44, col 49 of module ReportProcessorCommittingAtTheEnd: 34
@!@!@ENDMSG 2221 @!@!@
@!@!@STARTMSG 2221:0 @!@!@
  line 45, col 20 to line 45, col 73 of module ReportProcessorCommittingAtTheEnd: 34
@!@!@ENDMSG 2221 @!@!@
@!@!@STARTMSG 2221:0 @!@!@
  line 46, col 20 to line 46, col 68 of module ReportProcessorCommittingAtTheEnd: 34
@!@!@ENDMSG 2221 @!@!@
@!@!@STARTMSG 2772:0 @!@!@
<CommitToPayReport line 49, col 1 to line 49, col 17 of module ReportProcessorCommittingAtTheEnd>: 67:100
@!@!@ENDMSG 2772 @!@!@
@!@!@STARTMSG 2221:0 @!@!@
  line 49, col 23 to line 49, col 55 of module ReportProcessorCommittingAtTheEnd: 365
@!@!@ENDMSG 2221 @!@!@
@!@!@STARTMSG 2221:0 @!@!@
  |line 49, col 23 to line 49, col 28 of module ReportProcessorCommittingAtTheEnd: 361
@!@!@ENDMSG 2221 @!@!@
@!@!@STARTMSG 2221:0 @!@!@
  line 49, col 60 to line 49, col 88 of module ReportProcessorCommittingAtTheEnd: 457
@!@!@ENDMSG 2221 @!@!@
@!@!@STARTMSG 2221:0 @!@!@
  |line 49, col 60 to line 49, col 65 of module ReportProcessorCommittingAtTheEnd: 361
@!@!@ENDMSG 2221 @!@!@
@!@!@STARTMSG 2221:0 @!@!@
  line 50, col 22 to line 50, col 53 of module ReportProcessorCommittingAtTheEnd: 100
@!@!@ENDMSG 2221 @!@!@
@!@!@STARTMSG 2221:0 @!@!@
  line 51, col 22 to line 51, col 59 of module ReportProcessorCommittingAtTheEnd: 100
@!@!@ENDMSG 2221 @!@!@
@!@!@STARTMSG 2221:0 @!@!@
  line 52, col 22 to line 52, col 66 of module ReportProcessorCommittingAtTheEnd: 100
@!@!@ENDMSG 2221 @!@!@
@!@!@STARTMSG 2772:0 @!@!@
<ConsumeRetryQueueSucc line 57, col 1 to line 57, col 21 of module ReportProcessorCommittingAtTheEnd>: 4:130
@!@!@ENDMSG 2772 @!@!@
@!@!@STARTMSG 2221:0 @!@!@
  line 57, col 26 to line 57, col 43 of module ReportProcessorCommittingAtTheEnd: 491
@!@!@ENDMSG 2221 @!@!@
@!@!@STARTMSG 2221:0 @!@!@
  |line 57, col 26 to line 57, col 35 of module ReportProcessorCommittingAtTheEnd: 361
@!@!@ENDMSG 2221 @!@!@
@!@!@STARTMSG 2221:0 @!@!@
  |line 57, col 40 to line 57, col 43 of module ReportProcessorCommittingAtTheEnd: 361
@!@!@ENDMSG 2221 @!@!@
@!@!@STARTMSG 2221:0 @!@!@
  line 58, col 26 to line 58, col 58 of module ReportProcessorCommittingAtTheEnd: 458
@!@!@ENDMSG 2221 @!@!@
@!@!@STARTMSG 2221:0 @!@!@
  |line 58, col 26 to line 58, col 41 of module ReportProcessorCommittingAtTheEnd: 328
@!@!@ENDMSG 2221 @!@!@
@!@!@STARTMSG 2221:0 @!@!@
  |line 58, col 45 to line 58, col 58 of module ReportProcessorCommittingAtTheEnd: 328
@!@!@ENDMSG 2221 @!@!@
@!@!@STARTMSG 2221:0 @!@!@
  line 59, col 26 to line 59, col 67 of module ReportProcessorCommittingAtTheEnd: 130
@!@!@ENDMSG 2221 @!@!@
@!@!@STARTMSG 2221:0 @!@!@
  |line 59, col 39 to line 59, col 67 of module ReportProcessorCommittingAtTheEnd: 130
@!@!@ENDMSG 2221 @!@!@
@!@!@STARTMSG 2221:0 @!@!@
  ||line 19, col 22 to line 21, col 35 of module ReportProcessorCommittingAtTheEnd: 130
@!@!@ENDMSG 2221 @!@!@
@!@!@STARTMSG 2221:0 @!@!@
  |||line 19, col 25 to line 19, col 55 of module ReportProcessorCommittingAtTheEnd: 130
@!@!@ENDMSG 2221 @!@!@
@!@!@STARTMSG 2221:0 @!@!@
  |||line 20, col 27 to line 20, col 49 of module ReportProcessorCommittingAtTheEnd: 65
@!@!@ENDMSG 2221 @!@!@
@!@!@STARTMSG 2221:0 @!@!@
  |||line 21, col 27 to line 21, col 35 of module ReportProcessorCommittingAtTheEnd: 65
@!@!@ENDMSG 2221 @!@!@
@!@!@STARTMSG 2221:0 @!@!@
  ||line 59, col 51 to line 59, col 66 of module ReportProcessorCommittingAtTheEnd: 130
@!@!@ENDMSG 2221 @!@!@
@!@!@STARTMSG 2221:0 @!@!@
  line 60, col 26 to line 60, col 51 of module ReportProcessorCommittingAtTheEnd: 130
@!@!@ENDMSG 2221 @!@!@
@!@!@STARTMSG 2221:0 @!@!@
  line 61, col 26 to line 61, col 55 of module ReportProcessorCommittingAtTheEnd: 130
@!@!@ENDMSG 2221 @!@!@
@!@!@STARTMSG 2221:0 @!@!@
  line 62, col 26 to line 62, col 61 of module ReportProcessorCommittingAtTheEnd: 130
@!@!@ENDMSG 2221 @!@!@
@!@!@STARTMSG 2772:0 @!@!@
<ConsumeRetryQueueError line 65, col 1 to line 65, col 22 of module ReportProcessorCommittingAtTheEnd>: 116:328
@!@!@ENDMSG 2772 @!@!@
@!@!@STARTMSG 2221:0 @!@!@
  line 65, col 27 to line 65, col 44 of module ReportProcessorCommittingAtTheEnd: 689
@!@!@ENDMSG 2221 @!@!@
@!@!@STARTMSG 2221:0 @!@!@
  |line 65, col 27 to line 65, col 36 of module ReportProcessorCommittingAtTheEnd: 361
@!@!@ENDMSG 2221 @!@!@
@!@!@STARTMSG 2221:0 @!@!@
  |line 65, col 41 to line 65, col 44 of module ReportProcessorCommittingAtTheEnd: 361
@!@!@ENDMSG 2221 @!@!@
@!@!@STARTMSG 2221:0 @!@!@
  line 66, col 27 to line 66, col 82 of module ReportProcessorCommittingAtTheEnd: 328
@!@!@ENDMSG 2221 @!@!@
@!@!@STARTMSG 2221:0 @!@!@
  line 67, col 27 to line 67, col 83 of module ReportProcessorCommittingAtTheEnd: 328
@!@!@ENDMSG 2221 @!@!@
@!@!@STARTMSG 2772:0 @!@!@
<PanicConsumer line 70, col 1 to line 70, col 13 of module ReportProcessorCommittingAtTheEnd>: 104:361
@!@!@ENDMSG 2772 @!@!@
@!@!@STARTMSG 2221:0 @!@!@
  line 70, col 18 to line 70, col 49 of module ReportProcessorCommittingAtTheEnd: 361
@!@!@ENDMSG 2221 @!@!@
@!@!@STARTMSG 2221:0 @!@!@
  line 71, col 18 to line 71, col 78 of module ReportProcessorCommittingAtTheEnd: 361
@!@!@ENDMSG 2221 @!@!@
@!@!@STARTMSG 2774:0 @!@!@
<TypeOK line 9, col 1 to line 9, col 6 of module ReportProcessorCommittingAtTheEnd>
@!@!@ENDMSG 2774 @!@!@
@!@!@STARTMSG 2221:0 @!@!@
  line 10, col 3 to line 10, col 105 of module ReportProcessorCommittingAtTheEnd: 361
@!@!@ENDMSG 2221 @!@!@
@!@!@STARTMSG 2774:0 @!@!@
<ProcessedCompleteAndInOrderInvariant line 81, col 1 to line 81, col 36 of module ReportProcessorCommittingAtTheEnd>
@!@!@ENDMSG 2774 @!@!@
@!@!@STARTMSG 2221:0 @!@!@
  line 82, col 5 to line 88, col 13 of module ReportProcessorCommittingAtTheEnd: 361
@!@!@ENDMSG 2221 @!@!@
@!@!@STARTMSG 2221:0 @!@!@
  |line 82, col 8 to line 82, col 25 of module ReportProcessorCommittingAtTheEnd: 361
@!@!@ENDMSG 2221 @!@!@
@!@!@STARTMSG 2221:0 @!@!@
  |line 84, col 13 to line 86, col 69 of module ReportProcessorCommittingAtTheEnd: 241
@!@!@ENDMSG 2221 @!@!@
@!@!@STARTMSG 2221:0 @!@!@
  |line 87, col 12 to line 87, col 28 of module ReportProcessorCommittingAtTheEnd: 241
@!@!@ENDMSG 2221 @!@!@
@!@!@STARTMSG 2221:0 @!@!@
  |line 88, col 10 to line 88, col 13 of module ReportProcessorCommittingAtTheEnd: 120
@!@!@ENDMSG 2221 @!@!@
@!@!@STARTMSG 2202:0 @!@!@
End of statistics.
@!@!@ENDMSG 2202 @!@!@
@!@!@STARTMSG 2200:0 @!@!@
Progress(21) at 2022-02-09 12:23:26: 996 states generated (26.061 s/min), 361 distinct states found (9.446 ds/min), 0 states left on queue.
@!@!@ENDMSG 2200 @!@!@
@!@!@STARTMSG 2199:0 @!@!@
996 states generated, 361 distinct states found, 0 states left on queue.
@!@!@ENDMSG 2199 @!@!@
@!@!@STARTMSG 2194:0 @!@!@
The depth of the complete state graph search is 21.
@!@!@ENDMSG 2194 @!@!@
@!@!@STARTMSG 2268:0 @!@!@
The average outdegree of the complete state graph is 1 (minimum is 0, the maximum 3 and the 95th percentile is 3).
@!@!@ENDMSG 2268 @!@!@
@!@!@STARTMSG 2186:0 @!@!@
Finished in 2321ms at (2022-02-09 12:23:26)
@!@!@ENDMSG 2186 @!@!@
