This is pdfTeX, Version 3.141592653-2.6-1.40.22 (TeX Live 2021) (preloaded format=pdflatex 2022.2.9)  9 FEB 2022 12:13
entering extended mode
 restricted \write18 enabled.
 %&-line parsing enabled.
**ReportProcessorCommittingAtTheEnd.tex
(./ReportProcessorCommittingAtTheEnd.tex
LaTeX2e <2020-10-01> patch level 4
L3 programming layer <2021-02-18>
(/usr/local/texlive/2021basic/texmf-dist/tex/latex/base/article.cls
Document Class: article 2020/04/10 v1.4m Standard LaTeX document class
(/usr/local/texlive/2021basic/texmf-dist/tex/latex/base/size10.clo
File: size10.clo 2020/04/10 v1.4m Standard LaTeX file (size option)
)
\c@part=\count179
\c@section=\count180
\c@subsection=\count181
\c@subsubsection=\count182
\c@paragraph=\count183
\c@subparagraph=\count184
\c@figure=\count185
\c@table=\count186
\abovecaptionskip=\skip47
\belowcaptionskip=\skip48
\bibindent=\dimen138
) (/usr/local/texlive/2021basic/texmf-dist/tex/latex/graphics/color.sty
Package: color 2020/02/24 v1.2b Standard LaTeX Color (DPC)
(/usr/local/texlive/2021basic/texmf-dist/tex/latex/graphics-cfg/color.cfg
File: color.cfg 2016/01/02 v1.6 sample color configuration
)
Package color Info: Driver file: pdftex.def on input line 147.
(/usr/local/texlive/2021basic/texmf-dist/tex/latex/graphics-def/pdftex.def
File: pdftex.def 2020/10/05 v1.2a Graphics/color driver for pdftex
)) (/usr/local/texlive/2021basic/texmf-dist/tex/latex/base/latexsym.sty
Package: latexsym 1998/08/17 v2.2e Standard LaTeX package (lasy symbols)
\symlasy=\mathgroup4
LaTeX Font Info:    Overwriting symbol font `lasy' in version `bold'
(Font)                  U/lasy/m/n --> U/lasy/b/n on input line 52.
) (/usr/local/texlive/2021basic/texmf-dist/tex/latex/base/ifthen.sty
Package: ifthen 2014/09/29 v1.1c Standard LaTeX ifthen package (DPC)
)
\symlength=\skip49
\equalswidth=\skip50
\charwidth=\skip51
\boxrulewd=\skip52
\boxlineht=\skip53
\boxruleht=\skip54
\boxruledp=\skip55
\pcalvspace=\skip56
\lcomindent=\skip57
\@xlen=\skip58
\templena=\skip59
\templenb=\skip60
\tempboxa=\box47
\vshadelen=\skip61
\boxwidth=\skip62
\multicommentdepth=\skip63
\c@pardepth=\count187
\tempsbox=\box48
\@cparht=\skip64
\@cpardp=\skip65
\xmcomlen=\skip66
\spacewidth=\skip67
\alignboxwidth=\skip68
\alignwidth=\skip69
\alignbox=\box49
\symtlaitalics=\mathgroup5
\c@tlx@ctr=\count188
(/usr/local/texlive/2021basic/texmf-dist/tex/latex/tools/verbatim.sty
Package: verbatim 2020-07-07 v1.5u LaTeX2e package for verbatim enhancements
\every@verbatim=\toks15
\verbatim@line=\toks16
\verbatim@in@stream=\read2
)
(/usr/local/texlive/2021basic/texmf-dist/tex/latex/l3backend/l3backend-pdftex.d
ef
File: l3backend-pdftex.def 2021-03-18 L3 backend support: PDF output (pdfTeX)
\l__color_backend_stack_int=\count189
\l__pdf_internal_box=\box50
) (./ReportProcessorCommittingAtTheEnd.aux)
\openout1 = `ReportProcessorCommittingAtTheEnd.aux'.

LaTeX Font Info:    Checking defaults for OML/cmm/m/it on input line 939.
LaTeX Font Info:    ... okay on input line 939.
LaTeX Font Info:    Checking defaults for OMS/cmsy/m/n on input line 939.
LaTeX Font Info:    ... okay on input line 939.
LaTeX Font Info:    Checking defaults for OT1/cmr/m/n on input line 939.
LaTeX Font Info:    ... okay on input line 939.
LaTeX Font Info:    Checking defaults for T1/cmr/m/n on input line 939.
LaTeX Font Info:    ... okay on input line 939.
LaTeX Font Info:    Checking defaults for TS1/cmr/m/n on input line 939.
LaTeX Font Info:    ... okay on input line 939.
LaTeX Font Info:    Checking defaults for OMX/cmex/m/n on input line 939.
LaTeX Font Info:    ... okay on input line 939.
LaTeX Font Info:    Checking defaults for U/cmr/m/n on input line 939.
LaTeX Font Info:    ... okay on input line 939.
(/usr/local/texlive/2021basic/texmf-dist/tex/context/base/mkii/supp-pdf.mkii
[Loading MPS to PDF converter (version 2006.09.02).]
\scratchcounter=\count190
\scratchdimen=\dimen139
\scratchbox=\box51
\nofMPsegments=\count191
\nofMParguments=\count192
\everyMPshowfont=\toks17
\MPscratchCnt=\count193
\MPscratchDim=\dimen140
\MPnumerator=\count194
\makeMPintoPDFobject=\count195
\everyMPtoPDFconversion=\toks18
)
LaTeX Font Info:    External font `cmex10' loaded for size
(Font)              <7> on input line 942.
LaTeX Font Info:    External font `cmex10' loaded for size
(Font)              <5> on input line 942.
LaTeX Font Info:    Trying to load font information for U+lasy on input line 94
2.
(/usr/local/texlive/2021basic/texmf-dist/tex/latex/base/ulasy.fd
File: ulasy.fd 1998/08/17 v2.2e LaTeX symbol font definitions
)
Overfull \hbox (97.4391pt too wide) in paragraph at lines 955--956
[][] 
 []


Overfull \hbox (3.7038pt too wide) in paragraph at lines 963--970
[][][][] 
 []


Overfull \hbox (5.1469pt too wide) in paragraph at lines 974--980
[][][][] 
 []


Overfull \hbox (12.85948pt too wide) in paragraph at lines 980--986
[][][][] 
 []


Overfull \hbox (11.73122pt too wide) in paragraph at lines 1000--1001
[][] 
 []


Overfull \hbox (30.97543pt too wide) in paragraph at lines 1016--1018
[][] 
 []


Overfull \hbox (9.19777pt too wide) in paragraph at lines 1018--1019
[][] 
 []


Overfull \hbox (57.64485pt too wide) in paragraph at lines 1033--1040
[][][][] 
 []


Overfull \hbox (41.57033pt too wide) in paragraph at lines 1040--1042
[][] 
 []

[1

{/usr/local/texlive/2021basic/texmf-var/fonts/map/pdftex/updmap/pdftex.map}]
Overfull \hbox (80.67712pt too wide) in paragraph at lines 1048--1054
[][][][] 
 []

LaTeX Font Info:    External font `cmex10' loaded for size
(Font)              <8> on input line 1058.
LaTeX Font Info:    External font `cmex10' loaded for size
(Font)              <6> on input line 1058.

Overfull \hbox (116.7913pt too wide) in paragraph at lines 1054--1060
[][][][] 
 []


Overfull \hbox (57.78816pt too wide) in paragraph at lines 1060--1067
[][][][] 
 []


Overfull \hbox (106.81221pt too wide) in paragraph at lines 1078--1085
[][][][] 
 []


Overfull \hbox (42.66129pt too wide) in paragraph at lines 1087--1089
[][] 
 []


Overfull \hbox (47.76788pt too wide) in paragraph at lines 1089--1090
[][] 
 []


Overfull \hbox (0.6204pt too wide) in paragraph at lines 1091--1097
[][][][] 
 []


Overfull \hbox (23.20859pt too wide) in paragraph at lines 1099--1100
[][] 
 []

[2] (./ReportProcessorCommittingAtTheEnd.aux) ) 
Here is how much of TeX's memory you used:
 1279 strings out of 480445
 18106 string characters out of 5892392
 320226 words of memory out of 5000000
 18590 multiletter control sequences out of 15000+600000
 408600 words of font info for 47 fonts, out of 8000000 for 9000
 319 hyphenation exceptions out of 8191
 44i,16n,50p,214b,239s stack positions out of 5000i,500n,10000p,200000b,80000s
</usr/local/texlive/2021basic/te
xmf-dist/fonts/type1/public/amsfonts/cm/cmcsc10.pfb></usr/local/texlive/2021bas
ic/texmf-dist/fonts/type1/public/amsfonts/cm/cmmi10.pfb></usr/local/texlive/202
1basic/texmf-dist/fonts/type1/public/amsfonts/cm/cmr10.pfb></usr/local/texlive/
2021basic/texmf-dist/fonts/type1/public/amsfonts/cm/cmr5.pfb></usr/local/texliv
e/2021basic/texmf-dist/fonts/type1/public/amsfonts/cm/cmr8.pfb></usr/local/texl
ive/2021basic/texmf-dist/fonts/type1/public/amsfonts/cm/cmss10.pfb></usr/local/
texlive/2021basic/texmf-dist/fonts/type1/public/amsfonts/cm/cmsy10.pfb></usr/lo
cal/texlive/2021basic/texmf-dist/fonts/type1/public/amsfonts/cm/cmsy7.pfb></usr
/local/texlive/2021basic/texmf-dist/fonts/type1/public/amsfonts/cm/cmsy8.pfb></
usr/local/texlive/2021basic/texmf-dist/fonts/type1/public/amsfonts/cm/cmti10.pf
b></usr/local/texlive/2021basic/texmf-dist/fonts/type1/public/amsfonts/cm/cmti8
.pfb>
Output written on ReportProcessorCommittingAtTheEnd.pdf (2 pages, 118709 bytes)
.
PDF statistics:
 55 PDF objects out of 1000 (max. 8388607)
 39 compressed objects within 1 object stream
 0 named destinations out of 1000 (max. 500000)
 1 words of extra memory for PDF output out of 10000 (max. 10000000)

