@!@!@STARTMSG 2262:0 @!@!@
TLC2 Version 2.16 of 31 December 2020 (rev: cdddf55)
@!@!@ENDMSG 2262 @!@!@
@!@!@STARTMSG 2187:0 @!@!@
Running breadth-first search Model-Checking with fp 0 and seed 3988463398169645869 with 2 workers on 4 cores with 608MB heap and 1365MB offheap memory [pid: 72436] (Mac OS X 10.16 x86_64, AdoptOpenJDK 14.0.1 x86_64, OffHeapDiskFPSet, DiskStateQueue).
@!@!@ENDMSG 2187 @!@!@
@!@!@STARTMSG 2220:0 @!@!@
Starting SANY...
@!@!@ENDMSG 2220 @!@!@
Parsing file /Users/rchaves/Projects/tla+/learning.toolbox/PaxosCommit/MC.tla
Parsing file /Users/rchaves/Projects/tla+/learning.toolbox/PaxosCommit/learning.tla
Parsing file /Applications/TLA+ Toolbox.app/Contents/Eclipse/plugins/org.lamport.tlatools_1.0.0.202012311918/tla2sany/StandardModules/TLC.tla
Parsing file /Users/rchaves/Projects/tla+/learning.toolbox/PaxosCommit/PaxosCommit.tla
Parsing file /Applications/TLA+ Toolbox.app/Contents/Eclipse/plugins/org.lamport.tlatools_1.0.0.202012311918/tla2sany/StandardModules/Integers.tla
Parsing file /Applications/TLA+ Toolbox.app/Contents/Eclipse/plugins/org.lamport.tlatools_1.0.0.202012311918/tla2sany/StandardModules/Naturals.tla
Parsing file /Users/rchaves/Projects/tla+/learning.toolbox/PaxosCommit/TCommit.tla
Parsing file /Applications/TLA+ Toolbox.app/Contents/Eclipse/plugins/org.lamport.tlatools_1.0.0.202012311918/tla2sany/StandardModules/Sequences.tla
Parsing file /Applications/TLA+ Toolbox.app/Contents/Eclipse/plugins/org.lamport.tlatools_1.0.0.202012311918/tla2sany/StandardModules/FiniteSets.tla
Semantic processing of module Naturals
Semantic processing of module Integers
Semantic processing of module TCommit
Semantic processing of module PaxosCommit
Semantic processing of module learning
Semantic processing of module Sequences
Semantic processing of module FiniteSets
Semantic processing of module TLC
Semantic processing of module MC
@!@!@STARTMSG 2219:0 @!@!@
SANY finished.
@!@!@ENDMSG 2219 @!@!@
@!@!@STARTMSG 2185:0 @!@!@
Starting... (2021-08-07 18:47:57)
@!@!@ENDMSG 2185 @!@!@
@!@!@STARTMSG 2189:0 @!@!@
Computing initial states...
@!@!@ENDMSG 2189 @!@!@
@!@!@STARTMSG 2190:0 @!@!@
Finished computing initial states: 1 distinct state generated at 2021-08-07 18:47:59.
@!@!@ENDMSG 2190 @!@!@
@!@!@STARTMSG 1000:1 @!@!@
TLC threw an unexpected exception.
This was probably caused by an error in the spec or model.
See the User Output or TLC Console for clues to what happened.
The exception was a java.lang.RuntimeException
: Attempted to check equality of the function ( [ val |-> "none",
    type |-> "phase1b",
    ins |-> r1,
    bal |-> -1,
    mbal |-> 1,
    acc |-> a1 ] :>
      -1 @@
  [ val |-> "none",
    type |-> "phase1b",
    ins |-> r1,
    bal |-> -1,
    mbal |-> 1,
    acc |-> a2 ] :>
      -1 ) with the value:
{}
@!@!@ENDMSG 1000 @!@!@
@!@!@STARTMSG 2121:1 @!@!@
The behavior up to this point is:
@!@!@ENDMSG 2121 @!@!@
@!@!@STARTMSG 2217:4 @!@!@
1: <Initial predicate>
/\ msgs = {}
/\ rmState = (r1 :> "working" @@ r2 :> "working")
/\ aState = ( r1 :>
      ( a1 :> [val |-> "none", bal |-> -1, mbal |-> 0] @@
        a2 :> [val |-> "none", bal |-> -1, mbal |-> 0] @@
        a3 :> [val |-> "none", bal |-> -1, mbal |-> 0] ) @@
  r2 :>
      ( a1 :> [val |-> "none", bal |-> -1, mbal |-> 0] @@
        a2 :> [val |-> "none", bal |-> -1, mbal |-> 0] @@
        a3 :> [val |-> "none", bal |-> -1, mbal |-> 0] ) )

@!@!@ENDMSG 2217 @!@!@
@!@!@STARTMSG 2217:4 @!@!@
2: <RMPrepare line 120, col 3 to line 123, col 21 of module PaxosCommit>
/\ msgs = {[val |-> "prepared", type |-> "phase2a", ins |-> r1, bal |-> 0]}
/\ rmState = (r1 :> "prepared" @@ r2 :> "working")
/\ aState = ( r1 :>
      ( a1 :> [val |-> "none", bal |-> -1, mbal |-> 0] @@
        a2 :> [val |-> "none", bal |-> -1, mbal |-> 0] @@
        a3 :> [val |-> "none", bal |-> -1, mbal |-> 0] ) @@
  r2 :>
      ( a1 :> [val |-> "none", bal |-> -1, mbal |-> 0] @@
        a2 :> [val |-> "none", bal |-> -1, mbal |-> 0] @@
        a3 :> [val |-> "none", bal |-> -1, mbal |-> 0] ) )

@!@!@ENDMSG 2217 @!@!@
@!@!@STARTMSG 2217:4 @!@!@
3: <Phase1a line 171, col 3 to line 172, col 34 of module PaxosCommit>
/\ msgs = { [type |-> "phase1a", ins |-> r1, bal |-> 1],
  [val |-> "prepared", type |-> "phase2a", ins |-> r1, bal |-> 0] }
/\ rmState = (r1 :> "prepared" @@ r2 :> "working")
/\ aState = ( r1 :>
      ( a1 :> [val |-> "none", bal |-> -1, mbal |-> 0] @@
        a2 :> [val |-> "none", bal |-> -1, mbal |-> 0] @@
        a3 :> [val |-> "none", bal |-> -1, mbal |-> 0] ) @@
  r2 :>
      ( a1 :> [val |-> "none", bal |-> -1, mbal |-> 0] @@
        a2 :> [val |-> "none", bal |-> -1, mbal |-> 0] @@
        a3 :> [val |-> "none", bal |-> -1, mbal |-> 0] ) )

@!@!@ENDMSG 2217 @!@!@
@!@!@STARTMSG 2217:4 @!@!@
4: <Phase1b line 231, col 3 to line 241, col 24 of module PaxosCommit>
/\ msgs = { [type |-> "phase1a", ins |-> r1, bal |-> 1],
  [val |-> "prepared", type |-> "phase2a", ins |-> r1, bal |-> 0],
  [ val |-> "none",
    type |-> "phase1b",
    ins |-> r1,
    bal |-> -1,
    mbal |-> 1,
    acc |-> a1 ] }
/\ rmState = (r1 :> "prepared" @@ r2 :> "working")
/\ aState = ( r1 :>
      ( a1 :> [val |-> "none", bal |-> -1, mbal |-> 1] @@
        a2 :> [val |-> "none", bal |-> -1, mbal |-> 0] @@
        a3 :> [val |-> "none", bal |-> -1, mbal |-> 0] ) @@
  r2 :>
      ( a1 :> [val |-> "none", bal |-> -1, mbal |-> 0] @@
        a2 :> [val |-> "none", bal |-> -1, mbal |-> 0] @@
        a3 :> [val |-> "none", bal |-> -1, mbal |-> 0] ) )

@!@!@ENDMSG 2217 @!@!@
@!@!@STARTMSG 2217:4 @!@!@
5: <Phase1b line 231, col 3 to line 241, col 24 of module PaxosCommit>
/\ msgs = { [type |-> "phase1a", ins |-> r1, bal |-> 1],
  [val |-> "prepared", type |-> "phase2a", ins |-> r1, bal |-> 0],
  [ val |-> "none",
    type |-> "phase1b",
    ins |-> r1,
    bal |-> -1,
    mbal |-> 1,
    acc |-> a1 ],
  [ val |-> "none",
    type |-> "phase1b",
    ins |-> r1,
    bal |-> -1,
    mbal |-> 1,
    acc |-> a2 ] }
/\ rmState = (r1 :> "prepared" @@ r2 :> "working")
/\ aState = ( r1 :>
      ( a1 :> [val |-> "none", bal |-> -1, mbal |-> 1] @@
        a2 :> [val |-> "none", bal |-> -1, mbal |-> 1] @@
        a3 :> [val |-> "none", bal |-> -1, mbal |-> 0] ) @@
  r2 :>
      ( a1 :> [val |-> "none", bal |-> -1, mbal |-> 0] @@
        a2 :> [val |-> "none", bal |-> -1, mbal |-> 0] @@
        a3 :> [val |-> "none", bal |-> -1, mbal |-> 0] ) )

@!@!@ENDMSG 2217 @!@!@
@!@!@STARTMSG 2103:1 @!@!@
The error occurred when TLC was evaluating the nested
expressions at the following positions:
0. Line 191, column 3 to line 205, column 34 in PaxosCommit
1. Line 191, column 6 to line 193, column 34 in PaxosCommit
2. Line 194, column 6 to line 204, column 78 in PaxosCommit
3. Line 195, column 9 to line 204, column 78 in PaxosCommit
4. Line 203, column 13 to line 204, column 78 in PaxosCommit
5. Line 203, column 16 to line 203, column 56 in PaxosCommit
6. Line 203, column 31 to line 203, column 56 in PaxosCommit
7. Line 203, column 47 to line 203, column 56 in PaxosCommit
8. Line 203, column 31 to line 203, column 56 in PaxosCommit
9. Line 203, column 47 to line 203, column 56 in PaxosCommit
10. Line 204, column 16 to line 204, column 78 in PaxosCommit
11. Line 107, column 12 to line 107, column 32 in PaxosCommit
12. Line 107, column 20 to line 107, column 32 in PaxosCommit
13. Line 107, column 30 to line 107, column 32 in PaxosCommit
14. Line 107, column 31 to line 107, column 31 in PaxosCommit
15. Line 204, column 21 to line 204, column 77 in PaxosCommit
16. Line 204, column 74 to line 204, column 76 in PaxosCommit
17. Line 200, column 20 to line 202, column 66 in PaxosCommit
18. Line 200, column 23 to line 200, column 33 in PaxosCommit
19. Line 200, column 23 to line 200, column 28 in PaxosCommit
20. Line 199, column 23 to line 199, column 55 in PaxosCommit
21. Line 37, column 3 to line 38, column 53 in PaxosCommit
22. Line 37, column 6 to line 37, column 11 in PaxosCommit


@!@!@ENDMSG 2103 @!@!@
@!@!@STARTMSG 2201:0 @!@!@
The coverage statistics at 2021-08-07 18:47:59
@!@!@ENDMSG 2201 @!@!@
@!@!@STARTMSG 2773:0 @!@!@
<PCInit line 97, col 1 to line 97, col 6 of module PaxosCommit>: 2:2
@!@!@ENDMSG 2773 @!@!@
@!@!@STARTMSG 2221:0 @!@!@
  line 98, col 3 to line 102, col 14 of module PaxosCommit: 2
@!@!@ENDMSG 2221 @!@!@
@!@!@STARTMSG 2772:0 @!@!@
<RMPrepare line 115, col 1 to line 115, col 12 of module PaxosCommit>: 2:43
@!@!@ENDMSG 2772 @!@!@
@!@!@STARTMSG 2221:0 @!@!@
  line 120, col 6 to line 120, col 27 of module PaxosCommit: 176
@!@!@ENDMSG 2221 @!@!@
@!@!@STARTMSG 2221:0 @!@!@
  |line 120, col 6 to line 120, col 15 of module PaxosCommit: 133
@!@!@ENDMSG 2221 @!@!@
@!@!@STARTMSG 2221:0 @!@!@
  line 121, col 6 to line 121, col 50 of module PaxosCommit: 43
@!@!@ENDMSG 2221 @!@!@
@!@!@STARTMSG 2221:0 @!@!@
  line 122, col 6 to line 122, col 73 of module PaxosCommit: 43
@!@!@ENDMSG 2221 @!@!@
@!@!@STARTMSG 2221:0 @!@!@
  line 123, col 6 to line 123, col 21 of module PaxosCommit: 43
@!@!@ENDMSG 2221 @!@!@
@!@!@STARTMSG 2772:0 @!@!@
<RMChooseToAbort line 125, col 1 to line 125, col 18 of module PaxosCommit>: 3:42
@!@!@ENDMSG 2772 @!@!@
@!@!@STARTMSG 2221:0 @!@!@
  line 131, col 6 to line 131, col 27 of module PaxosCommit: 174
@!@!@ENDMSG 2221 @!@!@
@!@!@STARTMSG 2221:0 @!@!@
  |line 131, col 6 to line 131, col 15 of module PaxosCommit: 132
@!@!@ENDMSG 2221 @!@!@
@!@!@STARTMSG 2221:0 @!@!@
  line 132, col 6 to line 132, col 49 of module PaxosCommit: 42
@!@!@ENDMSG 2221 @!@!@
@!@!@STARTMSG 2221:0 @!@!@
  line 133, col 6 to line 133, col 72 of module PaxosCommit: 42
@!@!@ENDMSG 2221 @!@!@
@!@!@STARTMSG 2221:0 @!@!@
  line 134, col 6 to line 134, col 21 of module PaxosCommit: 42
@!@!@ENDMSG 2221 @!@!@
@!@!@STARTMSG 2772:0 @!@!@
<RMRcvCommitMsg line 136, col 1 to line 136, col 17 of module PaxosCommit>: 0:0
@!@!@ENDMSG 2772 @!@!@
@!@!@STARTMSG 2221:0 @!@!@
  line 143, col 6 to line 143, col 33 of module PaxosCommit: 132
@!@!@ENDMSG 2221 @!@!@
@!@!@STARTMSG 2221:0 @!@!@
  line 144, col 6 to line 144, col 51 of module PaxosCommit: 0
@!@!@ENDMSG 2221 @!@!@
@!@!@STARTMSG 2221:0 @!@!@
  line 145, col 6 to line 145, col 31 of module PaxosCommit: 0
@!@!@ENDMSG 2221 @!@!@
@!@!@STARTMSG 2772:0 @!@!@
<RMRcvAbortMsg line 147, col 1 to line 147, col 16 of module PaxosCommit>: 0:0
@!@!@ENDMSG 2772 @!@!@
@!@!@STARTMSG 2221:0 @!@!@
  line 152, col 6 to line 152, col 32 of module PaxosCommit: 132
@!@!@ENDMSG 2221 @!@!@
@!@!@STARTMSG 2221:0 @!@!@
  line 153, col 6 to line 153, col 49 of module PaxosCommit: 0
@!@!@ENDMSG 2221 @!@!@
@!@!@STARTMSG 2221:0 @!@!@
  line 154, col 6 to line 154, col 31 of module PaxosCommit: 0
@!@!@ENDMSG 2221 @!@!@
@!@!@STARTMSG 2772:0 @!@!@
<Phase1a line 164, col 1 to line 164, col 15 of module PaxosCommit>: 20:129
@!@!@ENDMSG 2772 @!@!@
@!@!@STARTMSG 2221:0 @!@!@
  line 171, col 6 to line 171, col 55 of module PaxosCommit: 129
@!@!@ENDMSG 2221 @!@!@
@!@!@STARTMSG 2221:0 @!@!@
  line 172, col 6 to line 172, col 34 of module PaxosCommit: 129
@!@!@ENDMSG 2221 @!@!@
@!@!@STARTMSG 2772:0 @!@!@
<Phase2a line 174, col 1 to line 174, col 15 of module PaxosCommit>: 0:0
@!@!@ENDMSG 2772 @!@!@
@!@!@STARTMSG 2221:0 @!@!@
  line 191, col 6 to line 193, col 34 of module PaxosCommit: 128
@!@!@ENDMSG 2221 @!@!@
@!@!@STARTMSG 2221:0 @!@!@
  |line 191, col 7 to line 193, col 34 of module PaxosCommit: 128
@!@!@ENDMSG 2221 @!@!@
@!@!@STARTMSG 2221:0 @!@!@
  ||line 191, col 23 to line 193, col 34 of module PaxosCommit: 394
@!@!@ENDMSG 2221 @!@!@
@!@!@STARTMSG 2221:0 @!@!@
  |||line 191, col 26 to line 191, col 43 of module PaxosCommit: 394
@!@!@ENDMSG 2221 @!@!@
@!@!@STARTMSG 2221:0 @!@!@
  |||line 192, col 26 to line 192, col 36 of module PaxosCommit: 176
@!@!@ENDMSG 2221 @!@!@
@!@!@STARTMSG 2221:0 @!@!@
  ||line 191, col 16 to line 191, col 19 of module PaxosCommit: 128
@!@!@ENDMSG 2221 @!@!@
@!@!@STARTMSG 2221:0 @!@!@
  line 203, col 47 to line 203, col 56 of module PaxosCommit: 69
@!@!@ENDMSG 2221 @!@!@
@!@!@STARTMSG 2221:0 @!@!@
  line 203, col 40 to line 203, col 43 of module PaxosCommit: 411
@!@!@ENDMSG 2221 @!@!@
@!@!@STARTMSG 2775:0 @!@!@
  |line 195, col 21 to line 198, col 51 of module PaxosCommit: 411:480
@!@!@ENDMSG 2775 @!@!@
@!@!@STARTMSG 2221:0 @!@!@
  ||line 195, col 35 to line 198, col 50 of module PaxosCommit: 1274
@!@!@ENDMSG 2221 @!@!@
@!@!@STARTMSG 2221:0 @!@!@
  |||line 195, col 38 to line 195, col 55 of module PaxosCommit: 1274
@!@!@ENDMSG 2221 @!@!@
@!@!@STARTMSG 2221:0 @!@!@
  |||line 196, col 38 to line 196, col 47 of module PaxosCommit: 138
@!@!@ENDMSG 2221 @!@!@
@!@!@STARTMSG 2221:0 @!@!@
  |||line 197, col 38 to line 197, col 49 of module PaxosCommit: 87
@!@!@ENDMSG 2221 @!@!@
@!@!@STARTMSG 2221:0 @!@!@
  |||line 198, col 38 to line 198, col 50 of module PaxosCommit: 87
@!@!@ENDMSG 2221 @!@!@
@!@!@STARTMSG 2221:0 @!@!@
  ||line 195, col 28 to line 195, col 31 of module PaxosCommit: 411
@!@!@ENDMSG 2221 @!@!@
@!@!@STARTMSG 2221:0 @!@!@
  line 203, col 26 to line 203, col 27 of module PaxosCommit: 378
@!@!@ENDMSG 2221 @!@!@
@!@!@STARTMSG 2221:0 @!@!@
  line 107, col 12 to line 107, col 32 of module PaxosCommit: 0
@!@!@ENDMSG 2221 @!@!@
@!@!@STARTMSG 2221:0 @!@!@
  |line 107, col 20 to line 107, col 32 of module PaxosCommit: 3
@!@!@ENDMSG 2221 @!@!@
@!@!@STARTMSG 2221:0 @!@!@
  line 204, col 21 to line 204, col 77 of module PaxosCommit: 3
@!@!@ENDMSG 2221 @!@!@
@!@!@STARTMSG 2221:0 @!@!@
  |line 204, col 42 to line 204, col 50 of module PaxosCommit: 3
@!@!@ENDMSG 2221 @!@!@
@!@!@STARTMSG 2221:0 @!@!@
  |line 204, col 53 to line 204, col 63 of module PaxosCommit: 3
@!@!@ENDMSG 2221 @!@!@
@!@!@STARTMSG 2221:0 @!@!@
  |line 204, col 74 to line 204, col 76 of module PaxosCommit: 3
@!@!@ENDMSG 2221 @!@!@
@!@!@STARTMSG 2221:0 @!@!@
  ||line 200, col 20 to line 202, col 66 of module PaxosCommit: 3
@!@!@ENDMSG 2221 @!@!@
@!@!@STARTMSG 2221:0 @!@!@
  |||line 200, col 23 to line 200, col 33 of module PaxosCommit: 3
@!@!@ENDMSG 2221 @!@!@
@!@!@STARTMSG 2221:0 @!@!@
  ||||line 200, col 23 to line 200, col 28 of module PaxosCommit: 3
@!@!@ENDMSG 2221 @!@!@
@!@!@STARTMSG 2221:0 @!@!@
  |||||line 199, col 23 to line 199, col 55 of module PaxosCommit: 3
@!@!@ENDMSG 2221 @!@!@
@!@!@STARTMSG 2221:0 @!@!@
  ||||||line 37, col 3 to line 38, col 53 of module PaxosCommit: 3
@!@!@ENDMSG 2221 @!@!@
@!@!@STARTMSG 2775:0 @!@!@
  ||||||line 199, col 31 to line 199, col 54 of module PaxosCommit: 3:6
@!@!@ENDMSG 2775 @!@!@
@!@!@STARTMSG 2221:0 @!@!@
  |||||||line 199, col 39 to line 199, col 42 of module PaxosCommit: 3
@!@!@ENDMSG 2221 @!@!@
@!@!@STARTMSG 2775:0 @!@!@
  ||||||||line 195, col 21 to line 198, col 51 of module PaxosCommit: 3:9
@!@!@ENDMSG 2775 @!@!@
@!@!@STARTMSG 2221:0 @!@!@
  |||||||||line 195, col 35 to line 198, col 50 of module PaxosCommit: 12
@!@!@ENDMSG 2221 @!@!@
@!@!@STARTMSG 2221:0 @!@!@
  ||||||||||line 195, col 38 to line 195, col 55 of module PaxosCommit: 12
@!@!@ENDMSG 2221 @!@!@
@!@!@STARTMSG 2221:0 @!@!@
  ||||||||||line 196, col 38 to line 196, col 47 of module PaxosCommit: 6
@!@!@ENDMSG 2221 @!@!@
@!@!@STARTMSG 2221:0 @!@!@
  ||||||||||line 197, col 38 to line 197, col 49 of module PaxosCommit: 6
@!@!@ENDMSG 2221 @!@!@
@!@!@STARTMSG 2221:0 @!@!@
  ||||||||||line 198, col 38 to line 198, col 50 of module PaxosCommit: 6
@!@!@ENDMSG 2221 @!@!@
@!@!@STARTMSG 2221:0 @!@!@
  |||||||||line 195, col 28 to line 195, col 31 of module PaxosCommit: 3
@!@!@ENDMSG 2221 @!@!@
@!@!@STARTMSG 2221:0 @!@!@
  line 194, col 16 to line 194, col 23 of module PaxosCommit: 128
@!@!@ENDMSG 2221 @!@!@
@!@!@STARTMSG 2221:0 @!@!@
  line 205, col 6 to line 205, col 34 of module PaxosCommit: 0
@!@!@ENDMSG 2221 @!@!@
@!@!@STARTMSG 2772:0 @!@!@
<PCDecide line 207, col 1 to line 207, col 8 of module PaxosCommit>: 2:2
@!@!@ENDMSG 2772 @!@!@
@!@!@STARTMSG 2221:0 @!@!@
  line 219, col 29 to line 220, col 73 of module PaxosCommit: 430
@!@!@ENDMSG 2221 @!@!@
@!@!@STARTMSG 2221:0 @!@!@
  line 219, col 24 to line 219, col 25 of module PaxosCommit: 390
@!@!@ENDMSG 2221 @!@!@
@!@!@STARTMSG 2221:0 @!@!@
  line 218, col 21 to line 218, col 26 of module PaxosCommit: 65
@!@!@ENDMSG 2221 @!@!@
@!@!@STARTMSG 2221:0 @!@!@
  line 218, col 36 to line 218, col 43 of module PaxosCommit: 65
@!@!@ENDMSG 2221 @!@!@
@!@!@STARTMSG 2221:0 @!@!@
  line 221, col 38 to line 221, col 38 of module PaxosCommit: 65
@!@!@ENDMSG 2221 @!@!@
@!@!@STARTMSG 2221:0 @!@!@
  line 221, col 25 to line 221, col 26 of module PaxosCommit: 62
@!@!@ENDMSG 2221 @!@!@
@!@!@STARTMSG 2221:0 @!@!@
  line 107, col 12 to line 107, col 32 of module PaxosCommit: 0
@!@!@ENDMSG 2221 @!@!@
@!@!@STARTMSG 2221:0 @!@!@
  line 219, col 29 to line 220, col 73 of module PaxosCommit: 771
@!@!@ENDMSG 2221 @!@!@
@!@!@STARTMSG 2221:0 @!@!@
  |line 219, col 29 to line 220, col 64 of module PaxosCommit: 767
@!@!@ENDMSG 2221 @!@!@
@!@!@STARTMSG 2221:0 @!@!@
  |line 220, col 70 to line 220, col 73 of module PaxosCommit: 767
@!@!@ENDMSG 2221 @!@!@
@!@!@STARTMSG 2221:0 @!@!@
  line 219, col 24 to line 219, col 25 of module PaxosCommit: 744
@!@!@ENDMSG 2221 @!@!@
@!@!@STARTMSG 2221:0 @!@!@
  line 218, col 21 to line 218, col 26 of module PaxosCommit: 124
@!@!@ENDMSG 2221 @!@!@
@!@!@STARTMSG 2221:0 @!@!@
  line 218, col 36 to line 218, col 43 of module PaxosCommit: 124
@!@!@ENDMSG 2221 @!@!@
@!@!@STARTMSG 2221:0 @!@!@
  line 223, col 38 to line 223, col 38 of module PaxosCommit: 124
@!@!@ENDMSG 2221 @!@!@
@!@!@STARTMSG 2221:0 @!@!@
  line 223, col 25 to line 223, col 26 of module PaxosCommit: 62
@!@!@ENDMSG 2221 @!@!@
@!@!@STARTMSG 2221:0 @!@!@
  line 224, col 16 to line 224, col 39 of module PaxosCommit: 2
@!@!@ENDMSG 2221 @!@!@
@!@!@STARTMSG 2221:0 @!@!@
  line 225, col 6 to line 225, col 34 of module PaxosCommit: 2
@!@!@ENDMSG 2221 @!@!@
@!@!@STARTMSG 2772:0 @!@!@
<Phase1b line 230, col 1 to line 230, col 12 of module PaxosCommit>: 41:132
@!@!@ENDMSG 2772 @!@!@
@!@!@STARTMSG 2221:0 @!@!@
  line 232, col 8 to line 232, col 25 of module PaxosCommit: 692
@!@!@ENDMSG 2221 @!@!@
@!@!@STARTMSG 2221:0 @!@!@
  |line 232, col 8 to line 232, col 13 of module PaxosCommit: 560
@!@!@ENDMSG 2221 @!@!@
@!@!@STARTMSG 2221:0 @!@!@
  line 233, col 8 to line 233, col 38 of module PaxosCommit: 132
@!@!@ENDMSG 2221 @!@!@
@!@!@STARTMSG 2221:0 @!@!@
  |line 233, col 8 to line 233, col 30 of module PaxosCommit: 147
@!@!@ENDMSG 2221 @!@!@
@!@!@STARTMSG 2221:0 @!@!@
  |line 233, col 34 to line 233, col 38 of module PaxosCommit: 147
@!@!@ENDMSG 2221 @!@!@
@!@!@STARTMSG 2221:0 @!@!@
  line 234, col 8 to line 234, col 59 of module PaxosCommit: 132
@!@!@ENDMSG 2221 @!@!@
@!@!@STARTMSG 2221:0 @!@!@
  line 235, col 8 to line 240, col 27 of module PaxosCommit: 132
@!@!@ENDMSG 2221 @!@!@
@!@!@STARTMSG 2221:0 @!@!@
  line 241, col 8 to line 241, col 24 of module PaxosCommit: 132
@!@!@ENDMSG 2221 @!@!@
@!@!@STARTMSG 2221:0 @!@!@
  line 231, col 12 to line 231, col 15 of module PaxosCommit: 183
@!@!@ENDMSG 2221 @!@!@
@!@!@STARTMSG 2772:0 @!@!@
<Phase2b line 243, col 1 to line 243, col 12 of module PaxosCommit>: 79:244
@!@!@ENDMSG 2772 @!@!@
@!@!@STARTMSG 2221:0 @!@!@
  line 245, col 11 to line 245, col 28 of module PaxosCommit: 799
@!@!@ENDMSG 2221 @!@!@
@!@!@STARTMSG 2221:0 @!@!@
  |line 245, col 11 to line 245, col 16 of module PaxosCommit: 555
@!@!@ENDMSG 2221 @!@!@
@!@!@STARTMSG 2221:0 @!@!@
  line 246, col 11 to line 246, col 44 of module PaxosCommit: 244
@!@!@ENDMSG 2221 @!@!@
@!@!@STARTMSG 2221:0 @!@!@
  |line 246, col 11 to line 246, col 33 of module PaxosCommit: 253
@!@!@ENDMSG 2221 @!@!@
@!@!@STARTMSG 2221:0 @!@!@
  |line 246, col 40 to line 246, col 44 of module PaxosCommit: 253
@!@!@ENDMSG 2221 @!@!@
@!@!@STARTMSG 2221:0 @!@!@
  line 247, col 11 to line 249, col 62 of module PaxosCommit: 244
@!@!@ENDMSG 2221 @!@!@
@!@!@STARTMSG 2221:0 @!@!@
  line 250, col 11 to line 251, col 46 of module PaxosCommit: 244
@!@!@ENDMSG 2221 @!@!@
@!@!@STARTMSG 2221:0 @!@!@
  line 244, col 15 to line 244, col 18 of module PaxosCommit: 181
@!@!@ENDMSG 2221 @!@!@
@!@!@STARTMSG 2221:0 @!@!@
  line 252, col 6 to line 252, col 22 of module PaxosCommit: 244
@!@!@ENDMSG 2221 @!@!@
@!@!@STARTMSG 2774:0 @!@!@
<PCTypeOK line 85, col 1 to line 85, col 8 of module PaxosCommit>
@!@!@ENDMSG 2774 @!@!@
@!@!@STARTMSG 2221:0 @!@!@
  line 91, col 3 to line 95, col 28 of module PaxosCommit: 148
@!@!@ENDMSG 2221 @!@!@
@!@!@STARTMSG 2774:0 @!@!@
<TCConsistent line 281, col 1 to line 281, col 16 of module PaxosCommit>
@!@!@ENDMSG 2774 @!@!@
@!@!@STARTMSG 2221:0 @!@!@
  line 281, col 1 to line 281, col 16 of module PaxosCommit: 148
@!@!@ENDMSG 2221 @!@!@
@!@!@STARTMSG 2221:0 @!@!@
  line 281, col 1 to line 281, col 16 of module PaxosCommit: 148
@!@!@ENDMSG 2221 @!@!@
@!@!@STARTMSG 2221:0 @!@!@
  line 57, col 3 to line 58, col 51 of module TCommit: 148
@!@!@ENDMSG 2221 @!@!@
@!@!@STARTMSG 2221:0 @!@!@
  |line 57, col 22 to line 58, col 51 of module TCommit: 592
@!@!@ENDMSG 2221 @!@!@
@!@!@STARTMSG 2221:0 @!@!@
  ||line 57, col 24 to line 58, col 51 of module TCommit: 592
@!@!@ENDMSG 2221 @!@!@
@!@!@STARTMSG 2221:0 @!@!@
  |||line 57, col 27 to line 57, col 49 of module TCommit: 592
@!@!@ENDMSG 2221 @!@!@
@!@!@STARTMSG 2221:0 @!@!@
  |||line 58, col 27 to line 58, col 51 of module TCommit: 176
@!@!@ENDMSG 2221 @!@!@
@!@!@STARTMSG 2221:0 @!@!@
  |line 57, col 17 to line 57, col 18 of module TCommit: 148
@!@!@ENDMSG 2221 @!@!@
@!@!@STARTMSG 2202:0 @!@!@
End of statistics.
@!@!@ENDMSG 2202 @!@!@
@!@!@STARTMSG 2200:0 @!@!@
Progress(6) at 2021-08-07 18:47:59: 576 states generated (8.329 s/min), 148 distinct states found (2.140 ds/min), 86 states left on queue.
@!@!@ENDMSG 2200 @!@!@
@!@!@STARTMSG 2199:0 @!@!@
576 states generated, 148 distinct states found, 86 states left on queue.
@!@!@ENDMSG 2199 @!@!@
@!@!@STARTMSG 2186:0 @!@!@
Finished in 4165ms at (2021-08-07 18:47:59)
@!@!@ENDMSG 2186 @!@!@
